cl : command line  warning D9035: option 'Gm' has been deprecated and will be removed in a future release
  SwitchtoPlayMode.cpp
  SendToBack.cpp
  Select.cpp
  SaveAction.cpp
  Paste.cpp
C:\Users\medha\Desktop\Phase2 - Code F22\Paste.cpp(57,27): warning C4244: '=': conversion from 'double' to 'int', possible loss of data
C:\Users\medha\Desktop\Phase2 - Code F22\Paste.cpp(58,27): warning C4244: '=': conversion from 'double' to 'int', possible loss of data
C:\Users\medha\Desktop\Phase2 - Code F22\Paste.cpp(72,25): warning C4244: '=': conversion from 'double' to 'int', possible loss of data
C:\Users\medha\Desktop\Phase2 - Code F22\Paste.cpp(73,25): warning C4244: '=': conversion from 'double' to 'int', possible loss of data
C:\Users\medha\Desktop\Phase2 - Code F22\Paste.cpp(75,25): warning C4244: '=': conversion from 'double' to 'int', possible loss of data
C:\Users\medha\Desktop\Phase2 - Code F22\Paste.cpp(76,25): warning C4244: '=': conversion from 'double' to 'int', possible loss of data
C:\Users\medha\Desktop\Phase2 - Code F22\Paste.cpp(89,25): warning C4244: '=': conversion from 'double' to 'int', possible loss of data
C:\Users\medha\Desktop\Phase2 - Code F22\Paste.cpp(90,25): warning C4244: '=': conversion from 'double' to 'int', possible loss of data
C:\Users\medha\Desktop\Phase2 - Code F22\Paste.cpp(92,25): warning C4244: '=': conversion from 'double' to 'int', possible loss of data
C:\Users\medha\Desktop\Phase2 - Code F22\Paste.cpp(93,25): warning C4244: '=': conversion from 'double' to 'int', possible loss of data
  main.cpp
  LoadAction.cpp
  ApplicationManager.cpp
C:\Users\medha\Desktop\Phase2 - Code F22\ApplicationManager.cpp(239,14): warning C4553: '==': result of expression not used; did you intend '='?
  Output.cpp
C:\Users\medha\Desktop\Phase2 - Code F22\GUI\Output.cpp(233,13): warning C4244: '=': conversion from 'double' to 'int', possible loss of data
C:\Users\medha\Desktop\Phase2 - Code F22\GUI\Output.cpp(234,13): warning C4244: '=': conversion from 'double' to 'int', possible loss of data
C:\Users\medha\Desktop\Phase2 - Code F22\GUI\Output.cpp(235,13): warning C4244: '=': conversion from 'double' to 'int', possible loss of data
C:\Users\medha\Desktop\Phase2 - Code F22\GUI\Output.cpp(236,13): warning C4244: '=': conversion from 'double' to 'int', possible loss of data
C:\Users\medha\Desktop\Phase2 - Code F22\GUI\Output.cpp(285,14): warning C4244: '=': conversion from 'double' to 'int', possible loss of data
C:\Users\medha\Desktop\Phase2 - Code F22\GUI\Output.cpp(286,14): warning C4244: '=': conversion from 'double' to 'int', possible loss of data
C:\Users\medha\Desktop\Phase2 - Code F22\GUI\Output.cpp(288,14): warning C4244: '=': conversion from 'double' to 'int', possible loss of data
C:\Users\medha\Desktop\Phase2 - Code F22\GUI\Output.cpp(289,14): warning C4244: '=': conversion from 'double' to 'int', possible loss of data
C:\Users\medha\Desktop\Phase2 - Code F22\GUI\Output.cpp(292,14): warning C4244: '=': conversion from 'double' to 'int', possible loss of data
C:\Users\medha\Desktop\Phase2 - Code F22\GUI\Output.cpp(293,14): warning C4244: '=': conversion from 'double' to 'int', possible loss of data
C:\Users\medha\Desktop\Phase2 - Code F22\GUI\Output.cpp(295,14): warning C4244: '=': conversion from 'double' to 'int', possible loss of data
C:\Users\medha\Desktop\Phase2 - Code F22\GUI\Output.cpp(296,14): warning C4244: '=': conversion from 'double' to 'int', possible loss of data
C:\Users\medha\Desktop\Phase2 - Code F22\GUI\Output.cpp(322,32): warning C4244: 'argument': conversion from 'double' to 'const int', possible loss of data
  Input.cpp
  AddRectAction.cpp
  CRectangle.cpp
  CFigure.cpp
  Delete.cpp
  CTriangle.cpp
  CSquare.cpp
  Copy.cpp
  windowinput.cpp
  mousequeue.cpp
  keyqueue.cpp
  Generating Code...
  Compiling...
  image.cpp
C:\Users\medha\Desktop\Phase2 - Code F22\CMUgraphicsLib\image.cpp(115,29): warning C4018: '<': signed/unsigned mismatch
  colors.cpp
  CMUgraphics.cpp
C:\Users\medha\Desktop\Phase2 - Code F22\CMUgraphicsLib\CMUgraphics.cpp(257,9): warning C4101: 'iX': unreferenced local variable
C:\Users\medha\Desktop\Phase2 - Code F22\CMUgraphicsLib\CMUgraphics.cpp(257,13): warning C4101: 'iY': unreferenced local variable
C:\Users\medha\Desktop\Phase2 - Code F22\CMUgraphicsLib\CMUgraphics.cpp(751,3): warning C4996: 'strcpy': This function or variable may be unsafe. Consider using strcpy_s instead. To disable deprecation, use _CRT_SECURE_NO_WARNINGS. See online help for details.
C:\Users\medha\Desktop\Phase2 - Code F22\CMUgraphicsLib\CMUgraphics.cpp(1164,2): warning C4996: 'sprintf': This function or variable may be unsafe. Consider using sprintf_s instead. To disable deprecation, use _CRT_SECURE_NO_WARNINGS. See online help for details.
C:\Users\medha\Desktop\Phase2 - Code F22\CMUgraphicsLib\CMUgraphics.cpp(1171,2): warning C4996: 'sprintf': This function or variable may be unsafe. Consider using sprintf_s instead. To disable deprecation, use _CRT_SECURE_NO_WARNINGS. See online help for details.
C:\Users\medha\Desktop\Phase2 - Code F22\CMUgraphicsLib\CMUgraphics.cpp(1202,2): warning C4996: 'sprintf': This function or variable may be unsafe. Consider using sprintf_s instead. To disable deprecation, use _CRT_SECURE_NO_WARNINGS. See online help for details.
C:\Users\medha\Desktop\Phase2 - Code F22\CMUgraphicsLib\CMUgraphics.cpp(1210,2): warning C4996: 'sprintf': This function or variable may be unsafe. Consider using sprintf_s instead. To disable deprecation, use _CRT_SECURE_NO_WARNINGS. See online help for details.
C:\Users\medha\Desktop\Phase2 - Code F22\CMUgraphicsLib\CMUgraphics.cpp(1357,23): warning C4018: '>': signed/unsigned mismatch
  auxil.cpp
  ClearAll.cpp
  Chng_Border.cpp
  CHexagon.cpp
  CCircle.cpp
  BringToFront.cpp
  AddTriAction.cpp
  AddSqrAction.cpp
  AddHexAction.cpp
  AddCircAction.cpp
  Generating Code...
C:\Users\medha\Desktop\Phase2 - Code F22\CHexagon.cpp(45,1): warning C4715: 'CHexagon::GetFigure': not all control paths return a value
cl : command line  warning D9035: option 'Gm' has been deprecated and will be removed in a future release
  jutils.c
  jquant2.c
  jquant1.c
  jmemnobs.c
  jmemmgr.c
C:\Users\medha\Desktop\Phase2 - Code F22\CMUgraphicsLib\jpeg\jmemmgr.c(1103,19): warning C4996: 'getenv': This function or variable may be unsafe. Consider using _dupenv_s instead. To disable deprecation, use _CRT_SECURE_NO_WARNINGS. See online help for details.
C:\Users\medha\Desktop\Phase2 - Code F22\CMUgraphicsLib\jpeg\jmemmgr.c(1106,11): warning C4996: 'sscanf': This function or variable may be unsafe. Consider using sscanf_s instead. To disable deprecation, use _CRT_SECURE_NO_WARNINGS. See online help for details.
  jidctred.c
  jidctint.c
  jidctfst.c
  jidctflt.c
  jerror.c
C:\Users\medha\Desktop\Phase2 - Code F22\CMUgraphicsLib\jpeg\jerror.c(169,5): warning C4996: 'sprintf': This function or variable may be unsafe. Consider using sprintf_s instead. To disable deprecation, use _CRT_SECURE_NO_WARNINGS. See online help for details.
C:\Users\medha\Desktop\Phase2 - Code F22\CMUgraphicsLib\jpeg\jerror.c(171,5): warning C4996: 'sprintf': This function or variable may be unsafe. Consider using sprintf_s instead. To disable deprecation, use _CRT_SECURE_NO_WARNINGS. See online help for details.
  jdtrans.c
  jdsample.c
  jdpostct.c
  jdphuff.c
  jdmerge.c
  jdmaster.c
  jdmarker.c
  jdmainct.c
  jdinput.c
  jdhuff.c
  Generating Code...
  Compiling...
  jddctmgr.c
  jdcolor.c
  jdcoefct.c
  jdatasrc.c
  jdapistd.c
  jdapimin.c
  jcparam.c
  jcomapi.c
  jpegload.c
C:\Users\medha\Desktop\Phase2 - Code F22\CMUgraphicsLib\jpegload.c(23,12): warning C4996: 'fopen': This function or variable may be unsafe. Consider using fopen_s instead. To disable deprecation, use _CRT_SECURE_NO_WARNINGS. See online help for details.
  Generating Code...
AddCircAction.obj : warning LNK4075: ignoring '/EDITANDCONTINUE' due to '/SAFESEH' specification
  PT-Project.vcxproj -> C:\Users\medha\Desktop\Phase2 - Code F22\Debug\PT Project.exe
